CRITICAL - 2026-06-22 02:17:06 --> ParseError: Unmatched '}'
[Method: GET, Route: /]
in APPPATH\Config\Events.php on line 52.
 1 SYSTEMPATH\Events\Events.php(144): CodeIgniter\Events\Events::initialize()
 2 SYSTEMPATH\CodeIgniter.php(348): CodeIgniter\Events\Events::trigger('pre_system')
 3 SYSTEMPATH\Boot.php(417): CodeIgniter\CodeIgniter->run()
 4 SYSTEMPATH\Boot.php(68): CodeIgniter\Boot::runCodeIgniter(Object(CodeIgniter\CodeIgniter))
 5 FCPATH\index.php(59): CodeIgniter\Boot::bootWeb(Object(Config\Paths))
CRITICAL - 2026-06-22 02:17:07 --> ParseError: Unmatched '}'
[Method: GET, Route: /]
in APPPATH\Config\Events.php on line 52.
 1 SYSTEMPATH\Events\Events.php(144): CodeIgniter\Events\Events::initialize()
 2 SYSTEMPATH\CodeIgniter.php(348): CodeIgniter\Events\Events::trigger('pre_system')
 3 SYSTEMPATH\Boot.php(417): CodeIgniter\CodeIgniter->run()
 4 SYSTEMPATH\Boot.php(68): CodeIgniter\Boot::runCodeIgniter(Object(CodeIgniter\CodeIgniter))
 5 FCPATH\index.php(59): CodeIgniter\Boot::bootWeb(Object(Config\Paths))
CRITICAL - 2026-06-22 02:17:07 --> ParseError: Unmatched '}'
[Method: GET, Route: /]
in APPPATH\Config\Events.php on line 52.
 1 SYSTEMPATH\Events\Events.php(144): CodeIgniter\Events\Events::initialize()
 2 SYSTEMPATH\CodeIgniter.php(348): CodeIgniter\Events\Events::trigger('pre_system')
 3 SYSTEMPATH\Boot.php(417): CodeIgniter\CodeIgniter->run()
 4 SYSTEMPATH\Boot.php(68): CodeIgniter\Boot::runCodeIgniter(Object(CodeIgniter\CodeIgniter))
 5 FCPATH\index.php(59): CodeIgniter\Boot::bootWeb(Object(Config\Paths))
CRITICAL - 2026-06-22 02:17:08 --> ParseError: Unmatched '}'
[Method: GET, Route: /]
in APPPATH\Config\Events.php on line 52.
 1 SYSTEMPATH\Events\Events.php(144): CodeIgniter\Events\Events::initialize()
 2 SYSTEMPATH\CodeIgniter.php(348): CodeIgniter\Events\Events::trigger('pre_system')
 3 SYSTEMPATH\Boot.php(417): CodeIgniter\CodeIgniter->run()
 4 SYSTEMPATH\Boot.php(68): CodeIgniter\Boot::runCodeIgniter(Object(CodeIgniter\CodeIgniter))
 5 FCPATH\index.php(59): CodeIgniter\Boot::bootWeb(Object(Config\Paths))
CRITICAL - 2026-06-22 02:17:08 --> ParseError: Unmatched '}'
[Method: GET, Route: /]
in APPPATH\Config\Events.php on line 52.
 1 SYSTEMPATH\Events\Events.php(144): CodeIgniter\Events\Events::initialize()
 2 SYSTEMPATH\CodeIgniter.php(348): CodeIgniter\Events\Events::trigger('pre_system')
 3 SYSTEMPATH\Boot.php(417): CodeIgniter\CodeIgniter->run()
 4 SYSTEMPATH\Boot.php(68): CodeIgniter\Boot::runCodeIgniter(Object(CodeIgniter\CodeIgniter))
 5 FCPATH\index.php(59): CodeIgniter\Boot::bootWeb(Object(Config\Paths))
CRITICAL - 2026-06-22 02:17:08 --> ParseError: Unmatched '}'
[Method: GET, Route: /]
in APPPATH\Config\Events.php on line 52.
 1 SYSTEMPATH\Events\Events.php(144): CodeIgniter\Events\Events::initialize()
 2 SYSTEMPATH\CodeIgniter.php(348): CodeIgniter\Events\Events::trigger('pre_system')
 3 SYSTEMPATH\Boot.php(417): CodeIgniter\CodeIgniter->run()
 4 SYSTEMPATH\Boot.php(68): CodeIgniter\Boot::runCodeIgniter(Object(CodeIgniter\CodeIgniter))
 5 FCPATH\index.php(59): CodeIgniter\Boot::bootWeb(Object(Config\Paths))
CRITICAL - 2026-06-22 02:18:41 --> ParseError: Unmatched '}'
[Method: GET, Route: /]
in APPPATH\Config\Events.php on line 52.
 1 SYSTEMPATH\Events\Events.php(144): CodeIgniter\Events\Events::initialize()
 2 SYSTEMPATH\CodeIgniter.php(348): CodeIgniter\Events\Events::trigger('pre_system')
 3 SYSTEMPATH\Boot.php(417): CodeIgniter\CodeIgniter->run()
 4 SYSTEMPATH\Boot.php(68): CodeIgniter\Boot::runCodeIgniter(Object(CodeIgniter\CodeIgniter))
 5 FCPATH\index.php(59): CodeIgniter\Boot::bootWeb(Object(Config\Paths))
CRITICAL - 2026-06-22 02:18:42 --> ParseError: Unmatched '}'
[Method: GET, Route: /]
in APPPATH\Config\Events.php on line 52.
 1 SYSTEMPATH\Events\Events.php(144): CodeIgniter\Events\Events::initialize()
 2 SYSTEMPATH\CodeIgniter.php(348): CodeIgniter\Events\Events::trigger('pre_system')
 3 SYSTEMPATH\Boot.php(417): CodeIgniter\CodeIgniter->run()
 4 SYSTEMPATH\Boot.php(68): CodeIgniter\Boot::runCodeIgniter(Object(CodeIgniter\CodeIgniter))
 5 FCPATH\index.php(59): CodeIgniter\Boot::bootWeb(Object(Config\Paths))
CRITICAL - 2026-06-22 02:18:42 --> ParseError: Unmatched '}'
[Method: GET, Route: /]
in APPPATH\Config\Events.php on line 52.
 1 SYSTEMPATH\Events\Events.php(144): CodeIgniter\Events\Events::initialize()
 2 SYSTEMPATH\CodeIgniter.php(348): CodeIgniter\Events\Events::trigger('pre_system')
 3 SYSTEMPATH\Boot.php(417): CodeIgniter\CodeIgniter->run()
 4 SYSTEMPATH\Boot.php(68): CodeIgniter\Boot::runCodeIgniter(Object(CodeIgniter\CodeIgniter))
 5 FCPATH\index.php(59): CodeIgniter\Boot::bootWeb(Object(Config\Paths))
CRITICAL - 2026-06-22 02:18:42 --> ParseError: Unmatched '}'
[Method: GET, Route: /]
in APPPATH\Config\Events.php on line 52.
 1 SYSTEMPATH\Events\Events.php(144): CodeIgniter\Events\Events::initialize()
 2 SYSTEMPATH\CodeIgniter.php(348): CodeIgniter\Events\Events::trigger('pre_system')
 3 SYSTEMPATH\Boot.php(417): CodeIgniter\CodeIgniter->run()
 4 SYSTEMPATH\Boot.php(68): CodeIgniter\Boot::runCodeIgniter(Object(CodeIgniter\CodeIgniter))
 5 FCPATH\index.php(59): CodeIgniter\Boot::bootWeb(Object(Config\Paths))
CRITICAL - 2026-06-22 02:18:43 --> ParseError: Unmatched '}'
[Method: GET, Route: /]
in APPPATH\Config\Events.php on line 52.
 1 SYSTEMPATH\Events\Events.php(144): CodeIgniter\Events\Events::initialize()
 2 SYSTEMPATH\CodeIgniter.php(348): CodeIgniter\Events\Events::trigger('pre_system')
 3 SYSTEMPATH\Boot.php(417): CodeIgniter\CodeIgniter->run()
 4 SYSTEMPATH\Boot.php(68): CodeIgniter\Boot::runCodeIgniter(Object(CodeIgniter\CodeIgniter))
 5 FCPATH\index.php(59): CodeIgniter\Boot::bootWeb(Object(Config\Paths))
CRITICAL - 2026-06-22 02:18:43 --> ParseError: Unmatched '}'
[Method: GET, Route: /]
in APPPATH\Config\Events.php on line 52.
 1 SYSTEMPATH\Events\Events.php(144): CodeIgniter\Events\Events::initialize()
 2 SYSTEMPATH\CodeIgniter.php(348): CodeIgniter\Events\Events::trigger('pre_system')
 3 SYSTEMPATH\Boot.php(417): CodeIgniter\CodeIgniter->run()
 4 SYSTEMPATH\Boot.php(68): CodeIgniter\Boot::runCodeIgniter(Object(CodeIgniter\CodeIgniter))
 5 FCPATH\index.php(59): CodeIgniter\Boot::bootWeb(Object(Config\Paths))
CRITICAL - 2026-06-22 02:18:43 --> ParseError: Unmatched '}'
[Method: GET, Route: /]
in APPPATH\Config\Events.php on line 52.
 1 SYSTEMPATH\Events\Events.php(144): CodeIgniter\Events\Events::initialize()
 2 SYSTEMPATH\CodeIgniter.php(348): CodeIgniter\Events\Events::trigger('pre_system')
 3 SYSTEMPATH\Boot.php(417): CodeIgniter\CodeIgniter->run()
 4 SYSTEMPATH\Boot.php(68): CodeIgniter\Boot::runCodeIgniter(Object(CodeIgniter\CodeIgniter))
 5 FCPATH\index.php(59): CodeIgniter\Boot::bootWeb(Object(Config\Paths))
CRITICAL - 2026-06-22 02:18:43 --> ParseError: Unmatched '}'
[Method: GET, Route: /]
in APPPATH\Config\Events.php on line 52.
 1 SYSTEMPATH\Events\Events.php(144): CodeIgniter\Events\Events::initialize()
 2 SYSTEMPATH\CodeIgniter.php(348): CodeIgniter\Events\Events::trigger('pre_system')
 3 SYSTEMPATH\Boot.php(417): CodeIgniter\CodeIgniter->run()
 4 SYSTEMPATH\Boot.php(68): CodeIgniter\Boot::runCodeIgniter(Object(CodeIgniter\CodeIgniter))
 5 FCPATH\index.php(59): CodeIgniter\Boot::bootWeb(Object(Config\Paths))
CRITICAL - 2026-06-22 02:18:44 --> ParseError: Unmatched '}'
[Method: GET, Route: /]
in APPPATH\Config\Events.php on line 52.
 1 SYSTEMPATH\Events\Events.php(144): CodeIgniter\Events\Events::initialize()
 2 SYSTEMPATH\CodeIgniter.php(348): CodeIgniter\Events\Events::trigger('pre_system')
 3 SYSTEMPATH\Boot.php(417): CodeIgniter\CodeIgniter->run()
 4 SYSTEMPATH\Boot.php(68): CodeIgniter\Boot::runCodeIgniter(Object(CodeIgniter\CodeIgniter))
 5 FCPATH\index.php(59): CodeIgniter\Boot::bootWeb(Object(Config\Paths))
CRITICAL - 2026-06-22 02:18:44 --> ParseError: Unmatched '}'
[Method: GET, Route: /]
in APPPATH\Config\Events.php on line 52.
 1 SYSTEMPATH\Events\Events.php(144): CodeIgniter\Events\Events::initialize()
 2 SYSTEMPATH\CodeIgniter.php(348): CodeIgniter\Events\Events::trigger('pre_system')
 3 SYSTEMPATH\Boot.php(417): CodeIgniter\CodeIgniter->run()
 4 SYSTEMPATH\Boot.php(68): CodeIgniter\Boot::runCodeIgniter(Object(CodeIgniter\CodeIgniter))
 5 FCPATH\index.php(59): CodeIgniter\Boot::bootWeb(Object(Config\Paths))
CRITICAL - 2026-06-22 02:18:44 --> ParseError: Unmatched '}'
[Method: GET, Route: /]
in APPPATH\Config\Events.php on line 52.
 1 SYSTEMPATH\Events\Events.php(144): CodeIgniter\Events\Events::initialize()
 2 SYSTEMPATH\CodeIgniter.php(348): CodeIgniter\Events\Events::trigger('pre_system')
 3 SYSTEMPATH\Boot.php(417): CodeIgniter\CodeIgniter->run()
 4 SYSTEMPATH\Boot.php(68): CodeIgniter\Boot::runCodeIgniter(Object(CodeIgniter\CodeIgniter))
 5 FCPATH\index.php(59): CodeIgniter\Boot::bootWeb(Object(Config\Paths))
CRITICAL - 2026-06-22 02:18:44 --> ParseError: Unmatched '}'
[Method: GET, Route: /]
in APPPATH\Config\Events.php on line 52.
 1 SYSTEMPATH\Events\Events.php(144): CodeIgniter\Events\Events::initialize()
 2 SYSTEMPATH\CodeIgniter.php(348): CodeIgniter\Events\Events::trigger('pre_system')
 3 SYSTEMPATH\Boot.php(417): CodeIgniter\CodeIgniter->run()
 4 SYSTEMPATH\Boot.php(68): CodeIgniter\Boot::runCodeIgniter(Object(CodeIgniter\CodeIgniter))
 5 FCPATH\index.php(59): CodeIgniter\Boot::bootWeb(Object(Config\Paths))
CRITICAL - 2026-06-22 02:19:38 --> ParseError: Unmatched '}'
[Method: GET, Route: /]
in APPPATH\Config\Events.php on line 52.
 1 SYSTEMPATH\Events\Events.php(144): CodeIgniter\Events\Events::initialize()
 2 SYSTEMPATH\CodeIgniter.php(348): CodeIgniter\Events\Events::trigger('pre_system')
 3 SYSTEMPATH\Boot.php(417): CodeIgniter\CodeIgniter->run()
 4 SYSTEMPATH\Boot.php(68): CodeIgniter\Boot::runCodeIgniter(Object(CodeIgniter\CodeIgniter))
 5 FCPATH\index.php(59): CodeIgniter\Boot::bootWeb(Object(Config\Paths))
CRITICAL - 2026-06-22 02:19:38 --> ParseError: Unmatched '}'
[Method: GET, Route: /]
in APPPATH\Config\Events.php on line 52.
 1 SYSTEMPATH\Events\Events.php(144): CodeIgniter\Events\Events::initialize()
 2 SYSTEMPATH\CodeIgniter.php(348): CodeIgniter\Events\Events::trigger('pre_system')
 3 SYSTEMPATH\Boot.php(417): CodeIgniter\CodeIgniter->run()
 4 SYSTEMPATH\Boot.php(68): CodeIgniter\Boot::runCodeIgniter(Object(CodeIgniter\CodeIgniter))
 5 FCPATH\index.php(59): CodeIgniter\Boot::bootWeb(Object(Config\Paths))
